1630162485031:user-list
1630162500683:stacktrace
1630167807975:a
1630167818468:signin
1630167821012:sign-in
1630167867470:signin
1630167869751:sign-in
1630184820021:user-list
1630184822338:sign-in
1630185056643:sadasd
1630185056657:sign-in
1630185111764:sign-ion
1630185113496:sign-in
1630190653473:user-list
1630190794409:help
1630190811932:sign-in
1630190820057:user-list
1630191239434:sign-in
1630191247303:user-list
1630191796226:sign-in
1630191832141:user-list
1630252583823:help
1630252587602:sign-up
1630252599837:sig-up
1630253364219:sign-up
1630253426299:a
1630253477589:sign-up
1630253480034:a
1630253500679:stacktrace
1630253534125:sign-up
1630253755643:lear
1630253757215:clear
1630254016746:exit
1630254133717:help
1630254454121:sign-up
1630256195757:a
1630257187682:asdas
1630257213908:help
1630257216562:test
1630257218458:help
1630257222880:help user-list
1630257227849:helper
1630257230355:stacktrace
1630257388022:sign-up
1630262248619:sign-in
1630262285144:d
1630262297619:sign-up
1630262565763:a
1630262568369:sign-up
1630263330461:a
1630263580827:sign-up
1630263727809:a
1630263965731:sign-up
1630263974979:sign-in
1630264688555:sada
1630264954729:sign-in
1630264955956:a
1630265715253:sign-in
1630268045793:a
1630268287815:sign-in
1630268289727:a
1630268439977:test
1630268900063:sign-in
1630268935119:dsdasd
1630268935311:das
1630268935591:dsa
